DATA SET #1
bob REQUESTED at
FOUND oat IN food
bob REQUESTED cat
FOUND cat IN animal
bill REQUESTED goat
bill REQUESTED at
FOUND cat IN animal
FOUND rat IN animal
DATA SET #2
phil REQUESTED a
FOUND aaa IN a
FOUND aba IN a
phil REQUESTED aa
FOUND aaa IN a
FOUND aba IN a
phil REQUESTED aaa
FOUND aaa IN a
phil REQUESTED b
FOUND aba IN a
phil REQUESTED aa
FOUND aaa IN a
FOUND aba IN a
phil REQUESTED ab
FOUND aba IN a
phil REQUESTED ba
FOUND aba IN a
DATA SET #3
phil REQUESTED one
FOUND one IN one
lihp REQUESTED one
FOUND one IN ten
phil REQUESTED lone
FOUND alone IN five
lihp REQUESTED lone
FOUND plone IN seven
phil REQUESTED tone
FOUND tone IN nine
lihp REQUESTED tone
FOUND tone IN nine
phil REQUESTED ne
FOUND one IN one
lihp REQUESTED ne
FOUND one IN ten
phil REQUESTED lon
FOUND alone IN five
lihp REQUESTED lon
FOUND plone IN seven
phil REQUESTED poe
FOUND phone IN six
lihp REQUESTED poe
FOUND plone IN seven
DATA SET #4
philphilphilphilphil REQUESTED zzzzzzzzzzzzzzzzzz
FOUND zzzzzzzzzzzzzzzzzzza IN aaaaaaaaaaaaaaaaaaaa
FOUND zzzzzzzzzzzzzzzzzzzb IN aaaaaaaaaaaaaaaaaaaa
FOUND zzzzzzzzzzzzzzzzzzzc IN aaaaaaaaaaaaaaaaaaaa
FOUND zzzzzzzzzzzzzzzzzzzd IN aaaaaaaaaaaaaaaaaaaa
FOUND zzzzzzzzzzzzzzzzzzze IN aaaaaaaaaaaaaaaaaaaa
FOUND zzzzzzzzzzzzzzzzzzzf IN aaaaaaaaaaaaaaaaaaaa
FOUND zzzzzzzzzzzzzzzzzzzg IN aaaaaaaaaaaaaaaaaaaa
FOUND zzzzzzzzzzzzzzzzzzzh IN aaaaaaaaaaaaaaaaaaaa
FOUND zzzzzzzzzzzzzzzzzzzi IN aaaaaaaaaaaaaaaaaaaa
FOUND zzzzzzzzzzzzzzzzzzzj IN aaaaaaaaaaaaaaaaaaaa
joshjoshjoshjoshjosh REQUESTED zzzzzzzzzzzzzzzzzz
FOUND zzzzzzzzzzzzzzzzzzzk IN jjjjjjjjjjjjjjjjjjjj
FOUND zzzzzzzzzzzzzzzzzzzl IN jjjjjjjjjjjjjjjjjjjj
FOUND zzzzzzzzzzzzzzzzzzzm IN jjjjjjjjjjjjjjjjjjjj
FOUND zzzzzzzzzzzzzzzzzzzn IN jjjjjjjjjjjjjjjjjjjj
FOUND zzzzzzzzzzzzzzzzzzzo IN jjjjjjjjjjjjjjjjjjjj
FOUND zzzzzzzzzzzzzzzzzzzp IN jjjjjjjjjjjjjjjjjjjj
FOUND zzzzzzzzzzzzzzzzzzzq IN jjjjjjjjjjjjjjjjjjjj
FOUND zzzzzzzzzzzzzzzzzzzr IN jjjjjjjjjjjjjjjjjjjj
FOUND zzzzzzzzzzzzzzzzzzzs IN jjjjjjjjjjjjjjjjjjjj
FOUND zzzzzzzzzzzzzzzzzzzt IN jjjjjjjjjjjjjjjjjjjj
markmarkmarkmarkmark REQUESTED zzzzzzzzzzzzzzzzzz
FOUND zzzzzzzzzzzzzzzzzzzk IN ffffffffffffffffffff
FOUND zzzzzzzzzzzzzzzzzzzl IN ffffffffffffffffffff
FOUND zzzzzzzzzzzzzzzzzzzm IN ffffffffffffffffffff
FOUND zzzzzzzzzzzzzzzzzzzn IN ffffffffffffffffffff
FOUND zzzzzzzzzzzzzzzzzzzo IN ffffffffffffffffffff
FOUND zzzzzzzzzzzzzzzzzzzp IN ffffffffffffffffffff
FOUND zzzzzzzzzzzzzzzzzzzq IN ffffffffffffffffffff
FOUND zzzzzzzzzzzzzzzzzzzr IN ffffffffffffffffffff
FOUND zzzzzzzzzzzzzzzzzzzs IN ffffffffffffffffffff
FOUND zzzzzzzzzzzzzzzzzzzt IN ffffffffffffffffffff
davedavedavedavedave REQUESTED zzzzzzzzzzzzzzzzzz
janejanejanejanejane REQUESTED zzzzzzzzzzzzzzzzzz
FOUND zzzzzzzzzzzzzzzzzzza IN aaaaaaaaaaaaaaaaaaaa
FOUND zzzzzzzzzzzzzzzzzzzb IN aaaaaaaaaaaaaaaaaaaa
FOUND zzzzzzzzzzzzzzzzzzzc IN aaaaaaaaaaaaaaaaaaaa
FOUND zzzzzzzzzzzzzzzzzzzd IN aaaaaaaaaaaaaaaaaaaa
FOUND zzzzzzzzzzzzzzzzzzze IN aaaaaaaaaaaaaaaaaaaa
FOUND zzzzzzzzzzzzzzzzzzzf IN aaaaaaaaaaaaaaaaaaaa
FOUND zzzzzzzzzzzzzzzzzzzg IN aaaaaaaaaaaaaaaaaaaa
FOUND zzzzzzzzzzzzzzzzzzzh IN aaaaaaaaaaaaaaaaaaaa
FOUND zzzzzzzzzzzzzzzzzzzi IN aaaaaaaaaaaaaaaaaaaa
FOUND zzzzzzzzzzzzzzzzzzzj IN aaaaaaaaaaaaaaaaaaaa
carlcarlcarlcarlcarl REQUESTED zzzzzzzzzzzzzzzzzz
FOUND zzzzzzzzzzzzzzzzzzzk IN jjjjjjjjjjjjjjjjjjjj
FOUND zzzzzzzzzzzzzzzzzzzl IN jjjjjjjjjjjjjjjjjjjj
FOUND zzzzzzzzzzzzzzzzzzzm IN jjjjjjjjjjjjjjjjjjjj
FOUND zzzzzzzzzzzzzzzzzzzn IN jjjjjjjjjjjjjjjjjjjj
FOUND zzzzzzzzzzzzzzzzzzzo IN jjjjjjjjjjjjjjjjjjjj
FOUND zzzzzzzzzzzzzzzzzzzp IN jjjjjjjjjjjjjjjjjjjj
FOUND zzzzzzzzzzzzzzzzzzzq IN jjjjjjjjjjjjjjjjjjjj
FOUND zzzzzzzzzzzzzzzzzzzr IN jjjjjjjjjjjjjjjjjjjj
FOUND zzzzzzzzzzzzzzzzzzzs IN jjjjjjjjjjjjjjjjjjjj
FOUND zzzzzzzzzzzzzzzzzzzt IN jjjjjjjjjjjjjjjjjjjj
kathkathkathkathkath REQUESTED zzzzzzzzzzzzzzzzzz
wojowojowojowojowojo REQUESTED zzzzzzzzzzzzzzzzzz
FOUND zzzzzzzzzzzzzzzzzzza IN aaaaaaaaaaaaaaaaaaaa
FOUND zzzzzzzzzzzzzzzzzzzb IN aaaaaaaaaaaaaaaaaaaa
FOUND zzzzzzzzzzzzzzzzzzzc IN aaaaaaaaaaaaaaaaaaaa
FOUND zzzzzzzzzzzzzzzzzzzd IN aaaaaaaaaaaaaaaaaaaa
FOUND zzzzzzzzzzzzzzzzzzze IN aaaaaaaaaaaaaaaaaaaa
FOUND zzzzzzzzzzzzzzzzzzzf IN aaaaaaaaaaaaaaaaaaaa
FOUND zzzzzzzzzzzzzzzzzzzg IN aaaaaaaaaaaaaaaaaaaa
FOUND zzzzzzzzzzzzzzzzzzzh IN aaaaaaaaaaaaaaaaaaaa
FOUND zzzzzzzzzzzzzzzzzzzi IN aaaaaaaaaaaaaaaaaaaa
FOUND zzzzzzzzzzzzzzzzzzzj IN aaaaaaaaaaaaaaaaaaaa
mikemikemikemikemike REQUESTED zzzzzzzzzzzzzzzzzz
FOUND zzzzzzzzzzzzzzzzzzzk IN jjjjjjjjjjjjjjjjjjjj
FOUND zzzzzzzzzzzzzzzzzzzl IN jjjjjjjjjjjjjjjjjjjj
FOUND zzzzzzzzzzzzzzzzzzzm IN jjjjjjjjjjjjjjjjjjjj
FOUND zzzzzzzzzzzzzzzzzzzn IN jjjjjjjjjjjjjjjjjjjj
FOUND zzzzzzzzzzzzzzzzzzzo IN jjjjjjjjjjjjjjjjjjjj
FOUND zzzzzzzzzzzzzzzzzzzp IN jjjjjjjjjjjjjjjjjjjj
FOUND zzzzzzzzzzzzzzzzzzzq IN jjjjjjjjjjjjjjjjjjjj
FOUND zzzzzzzzzzzzzzzzzzzr IN jjjjjjjjjjjjjjjjjjjj
FOUND zzzzzzzzzzzzzzzzzzzs IN jjjjjjjjjjjjjjjjjjjj
FOUND zzzzzzzzzzzzzzzzzzzt IN jjjjjjjjjjjjjjjjjjjj
jilljilljilljilljill REQUESTED zzzzzzzzzzzzzzzzzz
FOUND zzzzzzzzzzzzzzzzzzzk IN jjjjjjjjjjjjjjjjjjjj
FOUND zzzzzzzzzzzzzzzzzzzl IN jjjjjjjjjjjjjjjjjjjj
FOUND zzzzzzzzzzzzzzzzzzzm IN jjjjjjjjjjjjjjjjjjjj
FOUND zzzzzzzzzzzzzzzzzzzn IN jjjjjjjjjjjjjjjjjjjj
FOUND zzzzzzzzzzzzzzzzzzzo IN jjjjjjjjjjjjjjjjjjjj
FOUND zzzzzzzzzzzzzzzzzzzp IN jjjjjjjjjjjjjjjjjjjj
FOUND zzzzzzzzzzzzzzzzzzzq IN jjjjjjjjjjjjjjjjjjjj
FOUND zzzzzzzzzzzzzzzzzzzr IN jjjjjjjjjjjjjjjjjjjj
FOUND zzzzzzzzzzzzzzzzzzzs IN jjjjjjjjjjjjjjjjjjjj
FOUND zzzzzzzzzzzzzzzzzzzt IN jjjjjjjjjjjjjjjjjjjj
philphilphilphilphil REQUESTED zzzzzzzzzzzzzzzzz
joshjoshjoshjoshjosh REQUESTED zzzzzzzzzzzzzzzzz
markmarkmarkmarkmark REQUESTED zzzzzzzzzzzzzzzzz
davedavedavedavedave REQUESTED zzzzzzzzzzzzzzzzz
janejanejanejanejane REQUESTED zzzzzzzzzzzzzzzzz
carlcarlcarlcarlcarl REQUESTED zzzzzzzzzzzzzzzzz
kathkathkathkathkath REQUESTED zzzzzzzzzzzzzzzzz
wojowojowojowojowojo REQUESTED zzzzzzzzzzzzzzzzz
mikemikemikemikemike REQUESTED zzzzzzzzzzzzzzzzz
jilljilljilljilljill REQUESTED zzzzzzzzzzzzzzzzz
philphilphilphilphil REQUESTED zzzzzzzzzzzzzzzzza
FOUND zzzzzzzzzzzzzzzzzzza IN aaaaaaaaaaaaaaaaaaaa
joshjoshjoshjoshjosh REQUESTED zzzzzzzzzzzzzzzzza
FOUND zzzzzzzzzzzzzzzzzzza IN iiiiiiiiiiiiiiiiiiii
markmarkmarkmarkmark REQUESTED zzzzzzzzzzzzzzzzza
davedavedavedavedave REQUESTED zzzzzzzzzzzzzzzzza
janejanejanejanejane REQUESTED zzzzzzzzzzzzzzzzza
FOUND zzzzzzzzzzzzzzzzzzza IN aaaaaaaaaaaaaaaaaaaa
carlcarlcarlcarlcarl REQUESTED zzzzzzzzzzzzzzzzza
FOUND zzzzzzzzzzzzzzzzzzza IN iiiiiiiiiiiiiiiiiiii
kathkathkathkathkath REQUESTED zzzzzzzzzzzzzzzzza
wojowojowojowojowojo REQUESTED zzzzzzzzzzzzzzzzza
FOUND zzzzzzzzzzzzzzzzzzza IN aaaaaaaaaaaaaaaaaaaa
mikemikemikemikemike REQUESTED zzzzzzzzzzzzzzzzza
jilljilljilljilljill REQUESTED zzzzzzzzzzzzzzzzza
FOUND zzzzzzzzzzzzzzzzzzza IN aaaaaaaaaaaaaaaaaaaa
philphilphilphilphil REQUESTED zzzzzzzzzzzzzzzzzk
FOUND zzzzzzzzzzzzzzzzzzzk IN bbbbbbbbbbbbbbbbbbbb
joshjoshjoshjoshjosh REQUESTED zzzzzzzzzzzzzzzzzk
FOUND zzzzzzzzzzzzzzzzzzzk IN jjjjjjjjjjjjjjjjjjjj
markmarkmarkmarkmark REQUESTED zzzzzzzzzzzzzzzzzk
FOUND zzzzzzzzzzzzzzzzzzzk IN ffffffffffffffffffff
davedavedavedavedave REQUESTED zzzzzzzzzzzzzzzzzk
janejanejanejanejane REQUESTED zzzzzzzzzzzzzzzzzk
FOUND zzzzzzzzzzzzzzzzzzzk IN bbbbbbbbbbbbbbbbbbbb
carlcarlcarlcarlcarl REQUESTED zzzzzzzzzzzzzzzzzk
FOUND zzzzzzzzzzzzzzzzzzzk IN jjjjjjjjjjjjjjjjjjjj
kathkathkathkathkath REQUESTED zzzzzzzzzzzzzzzzzk
wojowojowojowojowojo REQUESTED zzzzzzzzzzzzzzzzzk
mikemikemikemikemike REQUESTED zzzzzzzzzzzzzzzzzk
FOUND zzzzzzzzzzzzzzzzzzzk IN jjjjjjjjjjjjjjjjjjjj
jilljilljilljilljill REQUESTED zzzzzzzzzzzzzzzzzk
FOUND zzzzzzzzzzzzzzzzzzzk IN jjjjjjjjjjjjjjjjjjjj
philphilphilphilphil REQUESTED zzzzzzzzzzzzzzzzzl
FOUND zzzzzzzzzzzzzzzzzzzl IN bbbbbbbbbbbbbbbbbbbb
joshjoshjoshjoshjosh REQUESTED zzzzzzzzzzzzzzzzzl
FOUND zzzzzzzzzzzzzzzzzzzl IN jjjjjjjjjjjjjjjjjjjj
markmarkmarkmarkmark REQUESTED zzzzzzzzzzzzzzzzzl
FOUND zzzzzzzzzzzzzzzzzzzl IN ffffffffffffffffffff
davedavedavedavedave REQUESTED zzzzzzzzzzzzzzzzzl
janejanejanejanejane REQUESTED zzzzzzzzzzzzzzzzzl
FOUND zzzzzzzzzzzzzzzzzzzl IN bbbbbbbbbbbbbbbbbbbb
carlcarlcarlcarlcarl REQUESTED zzzzzzzzzzzzzzzzzl
FOUND zzzzzzzzzzzzzzzzzzzl IN jjjjjjjjjjjjjjjjjjjj
kathkathkathkathkath REQUESTED zzzzzzzzzzzzzzzzzl
wojowojowojowojowojo REQUESTED zzzzzzzzzzzzzzzzzl
mikemikemikemikemike REQUESTED zzzzzzzzzzzzzzzzzl
FOUND zzzzzzzzzzzzzzzzzzzl IN jjjjjjjjjjjjjjjjjjjj
jilljilljilljilljill REQUESTED zzzzzzzzzzzzzzzzzl
FOUND zzzzzzzzzzzzzzzzzzzl IN jjjjjjjjjjjjjjjjjjjj
philphilphilphilphil REQUESTED zzzzzzzzzzzzzzzzzu
joshjoshjoshjoshjosh REQUESTED zzzzzzzzzzzzzzzzzu
markmarkmarkmarkmark REQUESTED zzzzzzzzzzzzzzzzzu
davedavedavedavedave REQUESTED zzzzzzzzzzzzzzzzzu
janejanejanejanejane REQUESTED zzzzzzzzzzzzzzzzzu
carlcarlcarlcarlcarl REQUESTED zzzzzzzzzzzzzzzzzu
kathkathkathkathkath REQUESTED zzzzzzzzzzzzzzzzzu
wojowojowojowojowojo REQUESTED zzzzzzzzzzzzzzzzzu
mikemikemikemikemike REQUESTED zzzzzzzzzzzzzzzzzu
jilljilljilljilljill REQUESTED zzzzzzzzzzzzzzzzzu
philphilphilphilphil REQUESTED zzzzzzzzzzzzzzzzzzu
joshjoshjoshjoshjosh REQUESTED zzzzzzzzzzzzzzzzzzu
markmarkmarkmarkmark REQUESTED zzzzzzzzzzzzzzzzzzu
davedavedavedavedave REQUESTED zzzzzzzzzzzzzzzzzzu
janejanejanejanejane REQUESTED zzzzzzzzzzzzzzzzzzu
carlcarlcarlcarlcarl REQUESTED zzzzzzzzzzzzzzzzzzu
kathkathkathkathkath REQUESTED zzzzzzzzzzzzzzzzzzu
wojowojowojowojowojo REQUESTED zzzzzzzzzzzzzzzzzzu
mikemikemikemikemike REQUESTED zzzzzzzzzzzzzzzzzzu
jilljilljilljilljill REQUESTED zzzzzzzzzzzzzzzzzzu
philphilphilphilphil REQUESTED z
joshjoshjoshjoshjosh REQUESTED z
markmarkmarkmarkmark REQUESTED z
davedavedavedavedave REQUESTED z
janejanejanejanejane REQUESTED z
carlcarlcarlcarlcarl REQUESTED z
kathkathkathkathkath REQUESTED z
wojowojowojowojowojo REQUESTED z
mikemikemikemikemike REQUESTED z
jilljilljilljilljill REQUESTED z
philphilphilphilphil REQUESTED azzzzzzzzzzzzzzzzzz
joshjoshjoshjoshjosh REQUESTED azzzzzzzzzzzzzzzzzz
markmarkmarkmarkmark REQUESTED azzzzzzzzzzzzzzzzzz
davedavedavedavedave REQUESTED azzzzzzzzzzzzzzzzzz
janejanejanejanejane REQUESTED azzzzzzzzzzzzzzzzzz
carlcarlcarlcarlcarl REQUESTED azzzzzzzzzzzzzzzzzz
kathkathkathkathkath REQUESTED azzzzzzzzzzzzzzzzzz
wojowojowojowojowojo REQUESTED azzzzzzzzzzzzzzzzzz
mikemikemikemikemike REQUESTED azzzzzzzzzzzzzzzzzz
jilljilljilljilljill REQUESTED azzzzzzzzzzzzzzzzzz
philphilphilphilphil REQUESTED azzzzzzzzzzzzzzzzza
joshjoshjoshjoshjosh REQUESTED azzzzzzzzzzzzzzzzza
markmarkmarkmarkmark REQUESTED azzzzzzzzzzzzzzzzza
davedavedavedavedave REQUESTED azzzzzzzzzzzzzzzzza
janejanejanejanejane REQUESTED azzzzzzzzzzzzzzzzza
carlcarlcarlcarlcarl REQUESTED azzzzzzzzzzzzzzzzza
kathkathkathkathkath REQUESTED azzzzzzzzzzzzzzzzza
wojowojowojowojowojo REQUESTED azzzzzzzzzzzzzzzzza
mikemikemikemikemike REQUESTED azzzzzzzzzzzzzzzzza
jilljilljilljilljill REQUESTED azzzzzzzzzzzzzzzzza
philphilphilphilphil REQUESTED zzzzzzzzzzzzzzzzzz
FOUND zzzzzzzzzzzzzzzzzzza IN aaaaaaaaaaaaaaaaaaaa
FOUND zzzzzzzzzzzzzzzzzzzb IN aaaaaaaaaaaaaaaaaaaa
FOUND zzzzzzzzzzzzzzzzzzzc IN aaaaaaaaaaaaaaaaaaaa
FOUND zzzzzzzzzzzzzzzzzzzd IN aaaaaaaaaaaaaaaaaaaa
FOUND zzzzzzzzzzzzzzzzzzze IN aaaaaaaaaaaaaaaaaaaa
FOUND zzzzzzzzzzzzzzzzzzzf IN aaaaaaaaaaaaaaaaaaaa
FOUND zzzzzzzzzzzzzzzzzzzg IN aaaaaaaaaaaaaaaaaaaa
FOUND zzzzzzzzzzzzzzzzzzzh IN aaaaaaaaaaaaaaaaaaaa
FOUND zzzzzzzzzzzzzzzzzzzi IN aaaaaaaaaaaaaaaaaaaa
FOUND zzzzzzzzzzzzzzzzzzzj IN aaaaaaaaaaaaaaaaaaaa
joshjoshjoshjoshjosh REQUESTED zzzzzzzzzzzzzzzzzz
FOUND zzzzzzzzzzzzzzzzzzzk IN jjjjjjjjjjjjjjjjjjjj
FOUND zzzzzzzzzzzzzzzzzzzl IN jjjjjjjjjjjjjjjjjjjj
FOUND zzzzzzzzzzzzzzzzzzzm IN jjjjjjjjjjjjjjjjjjjj
FOUND zzzzzzzzzzzzzzzzzzzn IN jjjjjjjjjjjjjjjjjjjj
FOUND zzzzzzzzzzzzzzzzzzzo IN jjjjjjjjjjjjjjjjjjjj
FOUND zzzzzzzzzzzzzzzzzzzp IN jjjjjjjjjjjjjjjjjjjj
FOUND zzzzzzzzzzzzzzzzzzzq IN jjjjjjjjjjjjjjjjjjjj
FOUND zzzzzzzzzzzzzzzzzzzr IN jjjjjjjjjjjjjjjjjjjj
FOUND zzzzzzzzzzzzzzzzzzzs IN jjjjjjjjjjjjjjjjjjjj
FOUND zzzzzzzzzzzzzzzzzzzt IN jjjjjjjjjjjjjjjjjjjj
markmarkmarkmarkmark REQUESTED zzzzzzzzzzzzzzzzzz
FOUND zzzzzzzzzzzzzzzzzzzk IN ffffffffffffffffffff
FOUND zzzzzzzzzzzzzzzzzzzl IN ffffffffffffffffffff
FOUND zzzzzzzzzzzzzzzzzzzm IN ffffffffffffffffffff
FOUND zzzzzzzzzzzzzzzzzzzn IN ffffffffffffffffffff
FOUND zzzzzzzzzzzzzzzzzzzo IN ffffffffffffffffffff
FOUND zzzzzzzzzzzzzzzzzzzp IN ffffffffffffffffffff
FOUND zzzzzzzzzzzzzzzzzzzq IN ffffffffffffffffffff
FOUND zzzzzzzzzzzzzzzzzzzr IN ffffffffffffffffffff
FOUND zzzzzzzzzzzzzzzzzzzs IN ffffffffffffffffffff
FOUND zzzzzzzzzzzzzzzzzzzt IN ffffffffffffffffffff
davedavedavedavedave REQUESTED zzzzzzzzzzzzzzzzzz
janejanejanejanejane REQUESTED zzzzzzzzzzzzzzzzzz
FOUND zzzzzzzzzzzzzzzzzzza IN aaaaaaaaaaaaaaaaaaaa
FOUND zzzzzzzzzzzzzzzzzzzb IN aaaaaaaaaaaaaaaaaaaa
FOUND zzzzzzzzzzzzzzzzzzzc IN aaaaaaaaaaaaaaaaaaaa
FOUND zzzzzzzzzzzzzzzzzzzd IN aaaaaaaaaaaaaaaaaaaa
FOUND zzzzzzzzzzzzzzzzzzze IN aaaaaaaaaaaaaaaaaaaa
FOUND zzzzzzzzzzzzzzzzzzzf IN aaaaaaaaaaaaaaaaaaaa
FOUND zzzzzzzzzzzzzzzzzzzg IN aaaaaaaaaaaaaaaaaaaa
FOUND zzzzzzzzzzzzzzzzzzzh IN aaaaaaaaaaaaaaaaaaaa
FOUND zzzzzzzzzzzzzzzzzzzi IN aaaaaaaaaaaaaaaaaaaa
FOUND zzzzzzzzzzzzzzzzzzzj IN aaaaaaaaaaaaaaaaaaaa
carlcarlcarlcarlcarl REQUESTED zzzzzzzzzzzzzzzzzz
FOUND zzzzzzzzzzzzzzzzzzzk IN jjjjjjjjjjjjjjjjjjjj
FOUND zzzzzzzzzzzzzzzzzzzl IN jjjjjjjjjjjjjjjjjjjj
FOUND zzzzzzzzzzzzzzzzzzzm IN jjjjjjjjjjjjjjjjjjjj
FOUND zzzzzzzzzzzzzzzzzzzn IN jjjjjjjjjjjjjjjjjjjj
FOUND zzzzzzzzzzzzzzzzzzzo IN jjjjjjjjjjjjjjjjjjjj
FOUND zzzzzzzzzzzzzzzzzzzp IN jjjjjjjjjjjjjjjjjjjj
FOUND zzzzzzzzzzzzzzzzzzzq IN jjjjjjjjjjjjjjjjjjjj
FOUND zzzzzzzzzzzzzzzzzzzr IN jjjjjjjjjjjjjjjjjjjj
FOUND zzzzzzzzzzzzzzzzzzzs IN jjjjjjjjjjjjjjjjjjjj
FOUND zzzzzzzzzzzzzzzzzzzt IN jjjjjjjjjjjjjjjjjjjj
kathkathkathkathkath REQUESTED zzzzzzzzzzzzzzzzzz
wojowojowojowojowojo REQUESTED zzzzzzzzzzzzzzzzzz
FOUND zzzzzzzzzzzzzzzzzzza IN aaaaaaaaaaaaaaaaaaaa
FOUND zzzzzzzzzzzzzzzzzzzb IN aaaaaaaaaaaaaaaaaaaa
FOUND zzzzzzzzzzzzzzzzzzzc IN aaaaaaaaaaaaaaaaaaaa
FOUND zzzzzzzzzzzzzzzzzzzd IN aaaaaaaaaaaaaaaaaaaa
FOUND zzzzzzzzzzzzzzzzzzze IN aaaaaaaaaaaaaaaaaaaa
FOUND zzzzzzzzzzzzzzzzzzzf IN aaaaaaaaaaaaaaaaaaaa
FOUND zzzzzzzzzzzzzzzzzzzg IN aaaaaaaaaaaaaaaaaaaa
FOUND zzzzzzzzzzzzzzzzzzzh IN aaaaaaaaaaaaaaaaaaaa
FOUND zzzzzzzzzzzzzzzzzzzi IN aaaaaaaaaaaaaaaaaaaa
FOUND zzzzzzzzzzzzzzzzzzzj IN aaaaaaaaaaaaaaaaaaaa
mikemikemikemikemike REQUESTED zzzzzzzzzzzzzzzzzz
FOUND zzzzzzzzzzzzzzzzzzzk IN jjjjjjjjjjjjjjjjjjjj
FOUND zzzzzzzzzzzzzzzzzzzl IN jjjjjjjjjjjjjjjjjjjj
FOUND zzzzzzzzzzzzzzzzzzzm IN jjjjjjjjjjjjjjjjjjjj
FOUND zzzzzzzzzzzzzzzzzzzn IN jjjjjjjjjjjjjjjjjjjj
FOUND zzzzzzzzzzzzzzzzzzzo IN jjjjjjjjjjjjjjjjjjjj
FOUND zzzzzzzzzzzzzzzzzzzp IN jjjjjjjjjjjjjjjjjjjj
FOUND zzzzzzzzzzzzzzzzzzzq IN jjjjjjjjjjjjjjjjjjjj
FOUND zzzzzzzzzzzzzzzzzzzr IN jjjjjjjjjjjjjjjjjjjj
FOUND zzzzzzzzzzzzzzzzzzzs IN jjjjjjjjjjjjjjjjjjjj
FOUND zzzzzzzzzzzzzzzzzzzt IN jjjjjjjjjjjjjjjjjjjj
jilljilljilljilljill REQUESTED zzzzzzzzzzzzzzzzzz
FOUND zzzzzzzzzzzzzzzzzzzk IN jjjjjjjjjjjjjjjjjjjj
FOUND zzzzzzzzzzzzzzzzzzzl IN jjjjjjjjjjjjjjjjjjjj
FOUND zzzzzzzzzzzzzzzzzzzm IN jjjjjjjjjjjjjjjjjjjj
FOUND zzzzzzzzzzzzzzzzzzzn IN jjjjjjjjjjjjjjjjjjjj
FOUND zzzzzzzzzzzzzzzzzzzo IN jjjjjjjjjjjjjjjjjjjj
FOUND zzzzzzzzzzzzzzzzzzzp IN jjjjjjjjjjjjjjjjjjjj
FOUND zzzzzzzzzzzzzzzzzzzq IN jjjjjjjjjjjjjjjjjjjj
FOUND zzzzzzzzzzzzzzzzzzzr IN jjjjjjjjjjjjjjjjjjjj
FOUND zzzzzzzzzzzzzzzzzzzs IN jjjjjjjjjjjjjjjjjjjj
FOUND zzzzzzzzzzzzzzzzzzzt IN jjjjjjjjjjjjjjjjjjjj
philphilphilphilphil REQUESTED zzzzzzzzzzzzzzzzz
joshjoshjoshjoshjosh REQUESTED zzzzzzzzzzzzzzzzz
markmarkmarkmarkmark REQUESTED zzzzzzzzzzzzzzzzz
davedavedavedavedave REQUESTED zzzzzzzzzzzzzzzzz
janejanejanejanejane REQUESTED zzzzzzzzzzzzzzzzz
carlcarlcarlcarlcarl REQUESTED zzzzzzzzzzzzzzzzz
kathkathkathkathkath REQUESTED zzzzzzzzzzzzzzzzz
wojowojowojowojowojo REQUESTED zzzzzzzzzzzzzzzzz
mikemikemikemikemike REQUESTED zzzzzzzzzzzzzzzzz
jilljilljilljilljill REQUESTED zzzzzzzzzzzzzzzzz
philphilphilphilphil REQUESTED zzzzzzzzzzzzzzzzza
FOUND zzzzzzzzzzzzzzzzzzza IN aaaaaaaaaaaaaaaaaaaa
joshjoshjoshjoshjosh REQUESTED zzzzzzzzzzzzzzzzza
FOUND zzzzzzzzzzzzzzzzzzza IN iiiiiiiiiiiiiiiiiiii
markmarkmarkmarkmark REQUESTED zzzzzzzzzzzzzzzzza
davedavedavedavedave REQUESTED zzzzzzzzzzzzzzzzza
janejanejanejanejane REQUESTED zzzzzzzzzzzzzzzzza
FOUND zzzzzzzzzzzzzzzzzzza IN aaaaaaaaaaaaaaaaaaaa
carlcarlcarlcarlcarl REQUESTED zzzzzzzzzzzzzzzzza
FOUND zzzzzzzzzzzzzzzzzzza IN iiiiiiiiiiiiiiiiiiii
kathkathkathkathkath REQUESTED zzzzzzzzzzzzzzzzza
wojowojowojowojowojo REQUESTED zzzzzzzzzzzzzzzzza
FOUND zzzzzzzzzzzzzzzzzzza IN aaaaaaaaaaaaaaaaaaaa
mikemikemikemikemike REQUESTED zzzzzzzzzzzzzzzzza
jilljilljilljilljill REQUESTED zzzzzzzzzzzzzzzzza
FOUND zzzzzzzzzzzzzzzzzzza IN aaaaaaaaaaaaaaaaaaaa
philphilphilphilphil REQUESTED zzzzzzzzzzzzzzzzzk
FOUND zzzzzzzzzzzzzzzzzzzk IN bbbbbbbbbbbbbbbbbbbb
joshjoshjoshjoshjosh REQUESTED zzzzzzzzzzzzzzzzzk
FOUND zzzzzzzzzzzzzzzzzzzk IN jjjjjjjjjjjjjjjjjjjj
markmarkmarkmarkmark REQUESTED zzzzzzzzzzzzzzzzzk
FOUND zzzzzzzzzzzzzzzzzzzk IN ffffffffffffffffffff
davedavedavedavedave REQUESTED zzzzzzzzzzzzzzzzzk
janejanejanejanejane REQUESTED zzzzzzzzzzzzzzzzzk
FOUND zzzzzzzzzzzzzzzzzzzk IN bbbbbbbbbbbbbbbbbbbb
carlcarlcarlcarlcarl REQUESTED zzzzzzzzzzzzzzzzzk
FOUND zzzzzzzzzzzzzzzzzzzk IN jjjjjjjjjjjjjjjjjjjj
kathkathkathkathkath REQUESTED zzzzzzzzzzzzzzzzzk
wojowojowojowojowojo REQUESTED zzzzzzzzzzzzzzzzzk
mikemikemikemikemike REQUESTED zzzzzzzzzzzzzzzzzk
FOUND zzzzzzzzzzzzzzzzzzzk IN jjjjjjjjjjjjjjjjjjjj
jilljilljilljilljill REQUESTED zzzzzzzzzzzzzzzzzk
FOUND zzzzzzzzzzzzzzzzzzzk IN jjjjjjjjjjjjjjjjjjjj
philphilphilphilphil REQUESTED zzzzzzzzzzzzzzzzzl
FOUND zzzzzzzzzzzzzzzzzzzl IN bbbbbbbbbbbbbbbbbbbb
joshjoshjoshjoshjosh REQUESTED zzzzzzzzzzzzzzzzzl
FOUND zzzzzzzzzzzzzzzzzzzl IN jjjjjjjjjjjjjjjjjjjj
markmarkmarkmarkmark REQUESTED zzzzzzzzzzzzzzzzzl
FOUND zzzzzzzzzzzzzzzzzzzl IN ffffffffffffffffffff
davedavedavedavedave REQUESTED zzzzzzzzzzzzzzzzzl
janejanejanejanejane REQUESTED zzzzzzzzzzzzzzzzzl
FOUND zzzzzzzzzzzzzzzzzzzl IN bbbbbbbbbbbbbbbbbbbb
carlcarlcarlcarlcarl REQUESTED zzzzzzzzzzzzzzzzzl
FOUND zzzzzzzzzzzzzzzzzzzl IN jjjjjjjjjjjjjjjjjjjj
kathkathkathkathkath REQUESTED zzzzzzzzzzzzzzzzzl
wojowojowojowojowojo REQUESTED zzzzzzzzzzzzzzzzzl
mikemikemikemikemike REQUESTED zzzzzzzzzzzzzzzzzl
FOUND zzzzzzzzzzzzzzzzzzzl IN jjjjjjjjjjjjjjjjjjjj
jilljilljilljilljill REQUESTED zzzzzzzzzzzzzzzzzl
FOUND zzzzzzzzzzzzzzzzzzzl IN jjjjjjjjjjjjjjjjjjjj
philphilphilphilphil REQUESTED zzzzzzzzzzzzzzzzzu
joshjoshjoshjoshjosh REQUESTED zzzzzzzzzzzzzzzzzu
markmarkmarkmarkmark REQUESTED zzzzzzzzzzzzzzzzzu
davedavedavedavedave REQUESTED zzzzzzzzzzzzzzzzzu
janejanejanejanejane REQUESTED zzzzzzzzzzzzzzzzzu
carlcarlcarlcarlcarl REQUESTED zzzzzzzzzzzzzzzzzu
kathkathkathkathkath REQUESTED zzzzzzzzzzzzzzzzzu
wojowojowojowojowojo REQUESTED zzzzzzzzzzzzzzzzzu
mikemikemikemikemike REQUESTED zzzzzzzzzzzzzzzzzu
jilljilljilljilljill REQUESTED zzzzzzzzzzzzzzzzzu
philphilphilphilphil REQUESTED zzzzzzzzzzzzzzzzzzu
joshjoshjoshjoshjosh REQUESTED zzzzzzzzzzzzzzzzzzu
markmarkmarkmarkmark REQUESTED zzzzzzzzzzzzzzzzzzu
davedavedavedavedave REQUESTED zzzzzzzzzzzzzzzzzzu
janejanejanejanejane REQUESTED zzzzzzzzzzzzzzzzzzu
carlcarlcarlcarlcarl REQUESTED zzzzzzzzzzzzzzzzzzu
kathkathkathkathkath REQUESTED zzzzzzzzzzzzzzzzzzu
wojowojowojowojowojo REQUESTED zzzzzzzzzzzzzzzzzzu
mikemikemikemikemike REQUESTED zzzzzzzzzzzzzzzzzzu
jilljilljilljilljill REQUESTED zzzzzzzzzzzzzzzzzzu
philphilphilphilphil REQUESTED z
joshjoshjoshjoshjosh REQUESTED z
markmarkmarkmarkmark REQUESTED z
davedavedavedavedave REQUESTED z
janejanejanejanejane REQUESTED z
carlcarlcarlcarlcarl REQUESTED z
kathkathkathkathkath REQUESTED z
wojowojowojowojowojo REQUESTED z
mikemikemikemikemike REQUESTED z
jilljilljilljilljill REQUESTED z
philphilphilphilphil REQUESTED azzzzzzzzzzzzzzzzzz
joshjoshjoshjoshjosh REQUESTED azzzzzzzzzzzzzzzzzz
markmarkmarkmarkmark REQUESTED azzzzzzzzzzzzzzzzzz
davedavedavedavedave REQUESTED azzzzzzzzzzzzzzzzzz
janejanejanejanejane REQUESTED azzzzzzzzzzzzzzzzzz
carlcarlcarlcarlcarl REQUESTED azzzzzzzzzzzzzzzzzz
kathkathkathkathkath REQUESTED azzzzzzzzzzzzzzzzzz
wojowojowojowojowojo REQUESTED azzzzzzzzzzzzzzzzzz
mikemikemikemikemike REQUESTED azzzzzzzzzzzzzzzzzz
jilljilljilljilljill REQUESTED azzzzzzzzzzzzzzzzzz
philphilphilphilphil REQUESTED azzzzzzzzzzzzzzzzza
joshjoshjoshjoshjosh REQUESTED azzzzzzzzzzzzzzzzza
markmarkmarkmarkmark REQUESTED azzzzzzzzzzzzzzzzza
davedavedavedavedave REQUESTED azzzzzzzzzzzzzzzzza
janejanejanejanejane REQUESTED azzzzzzzzzzzzzzzzza
carlcarlcarlcarlcarl REQUESTED azzzzzzzzzzzzzzzzza
kathkathkathkathkath REQUESTED azzzzzzzzzzzzzzzzza
wojowojowojowojowojo REQUESTED azzzzzzzzzzzzzzzzza
mikemikemikemikemike REQUESTED azzzzzzzzzzzzzzzzza
jilljilljilljilljill REQUESTED azzzzzzzzzzzzzzzzza

